<?xml version="1.0" encoding="UTF-8"?>
<!-- Generated by org.testng.reporters.JUnitXMLReporter -->
<testsuite ignored="0" hostname="MOMDAD" failures="0" tests="4" name="Test" time="48.248" errors="0" timestamp="2023-03-26T17:11:34 IST">
  <testcase classname="org.POM_Test_Cases.LoginUserTC" name="verifyLoginPageFunctionality" time="5.173"/>
  <testcase classname="org.POM_Test_Cases.CreateNewUserTC" name="verifyCreateUserFunctionality" time="6.187"/>
  <testcase classname="org.POM_Test_Cases.AddToCartTC" name="verifyAddToCartFunctionality" time="13.615"/>
  <testcase classname="org.POM_Test_Cases.PurchaseProductTC" name="verifyPurchaseProductFunctionality" time="27.698"/>
</testsuite> <!-- Test -->
